[debug] [2021-03-07T03:17:02.066Z] ----------------------------------------------------------------------
[debug] [2021-03-07T03:17:02.068Z] Command:       C:\Program Files\nodejs\node.exe C:\Users\Dylan Gonzalez\AppData\Roaming\npm\node_modules\firebase-tools\lib\bin\firebase.js emulators:start
[debug] [2021-03-07T03:17:02.069Z] CLI Version:   9.5.0
[debug] [2021-03-07T03:17:02.069Z] Platform:      win32
[debug] [2021-03-07T03:17:02.069Z] Node Version:  v15.8.0
[debug] [2021-03-07T03:17:02.070Z] Time:          Sun Mar 07 2021 14:17:02 GMT+1100 (Australian Eastern Daylight Time)
[debug] [2021-03-07T03:17:02.070Z] ----------------------------------------------------------------------
[debug] [2021-03-07T03:17:02.070Z] 
[debug] [2021-03-07T03:17:02.076Z] > command requires scopes: ["email","openid","https://www.googleapis.com/auth/cloudplatformprojects.readonly","https://www.googleapis.com/auth/firebase","https://www.googleapis.com/auth/cloud-platform"]
[debug] [2021-03-07T03:17:02.077Z] > authorizing via signed-in user
[info] i  emulators: Starting emulators: functions, firestore, database, hosting {"metadata":{"emulator":{"name":"hub"},"message":"Starting emulators: functions, firestore, database, hosting"}}
[debug] [2021-03-07T03:17:02.094Z] [hub] writing locator at C:\Users\DYLANG~1\AppData\Local\Temp\hub-unihack-1614967346330.json
[warn] !  functions: The following emulators are not running, calls to these services from the Functions emulator will affect production: auth, pubsub {"metadata":{"emulator":{"name":"functions"},"message":"The following emulators are not running, calls to these services from the Functions emulator will affect production: \u001b[1mauth, pubsub\u001b[22m"}}
[warn] !  Your requested "node" version "12" doesn't match your global version "15" {"metadata":{"emulator":{"name":"functions"},"message":"Your requested \"node\" version \"12\" doesn't match your global version \"15\""}}
[debug] [2021-03-07T03:17:02.112Z] defaultcredentials: writing to file C:\Users\Dylan Gonzalez\AppData\Roaming\firebase\dylcg10_gmail_com_application_default_credentials.json
[debug] [2021-03-07T03:17:02.113Z] Setting GAC to C:\Users\Dylan Gonzalez\AppData\Roaming\firebase\dylcg10_gmail_com_application_default_credentials.json {"metadata":{"emulator":{"name":"functions"},"message":"Setting GAC to C:\\Users\\Dylan Gonzalez\\AppData\\Roaming\\firebase\\dylcg10_gmail_com_application_default_credentials.json"}}
[debug] [2021-03-07T03:17:02.115Z] >>> [apiv2][query] GET https://firebase.googleapis.com/v1beta1/projects/unihack-1614967346330/adminSdkConfig [none]
[debug] [2021-03-07T03:17:02.814Z] <<< [apiv2][status] GET https://firebase.googleapis.com/v1beta1/projects/unihack-1614967346330/adminSdkConfig 200
[debug] [2021-03-07T03:17:02.814Z] <<< [apiv2][body] GET https://firebase.googleapis.com/v1beta1/projects/unihack-1614967346330/adminSdkConfig {"projectId":"unihack-1614967346330","databaseURL":"https://unihack-1614967346330-default-rtdb.firebaseio.com","storageBucket":"unihack-1614967346330.appspot.com","locationId":"us-central"}
[info] i  firestore: downloading cloud-firestore-emulator-v1.11.12.jar... {"metadata":{"emulator":{"name":"firestore"},"message":"downloading cloud-firestore-emulator-v1.11.12.jar..."}}
[debug] [2021-03-07T03:17:02.828Z] >>> [apiv2][query] GET https://storage.googleapis.com/firebase-preview-drop/emulator/cloud-firestore-emulator-v1.11.12.jar [none]
[debug] [2021-03-07T03:17:03.588Z] <<< [apiv2][status] GET https://storage.googleapis.com/firebase-preview-drop/emulator/cloud-firestore-emulator-v1.11.12.jar 200
[debug] [2021-03-07T03:17:03.588Z] <<< [apiv2][body] GET https://storage.googleapis.com/firebase-preview-drop/emulator/cloud-firestore-emulator-v1.11.12.jar [stream]
[debug] [2021-03-07T03:17:21.295Z] Ignoring unsupported arg: projectId {"metadata":{"emulator":{"name":"firestore"},"message":"Ignoring unsupported arg: projectId"}}
[debug] [2021-03-07T03:17:21.297Z] Ignoring unsupported arg: auto_download {"metadata":{"emulator":{"name":"firestore"},"message":"Ignoring unsupported arg: auto_download"}}
[debug] [2021-03-07T03:17:21.298Z] Starting Firestore Emulator with command {"binary":"java","args":["-Dgoogle.cloud_firestore.debug_log_level=FINE","-Duser.language=en","-jar","C:\\Users\\Dylan Gonzalez\\.cache\\firebase\\emulators\\cloud-firestore-emulator-v1.11.12.jar","--host","localhost","--port",8080,"--rules","C:\\Users\\Dylan Gonzalez\\source\\repos\\UNIHACK\\firestore.rules","--functions_emulator","localhost:5001"],"optionalArgs":["port","webchannel_port","host","rules","functions_emulator","seed_from_export"],"joinArgs":false} {"metadata":{"emulator":{"name":"firestore"},"message":"Starting Firestore Emulator with command {\"binary\":\"java\",\"args\":[\"-Dgoogle.cloud_firestore.debug_log_level=FINE\",\"-Duser.language=en\",\"-jar\",\"C:\\\\Users\\\\Dylan Gonzalez\\\\.cache\\\\firebase\\\\emulators\\\\cloud-firestore-emulator-v1.11.12.jar\",\"--host\",\"localhost\",\"--port\",8080,\"--rules\",\"C:\\\\Users\\\\Dylan Gonzalez\\\\source\\\\repos\\\\UNIHACK\\\\firestore.rules\",\"--functions_emulator\",\"localhost:5001\"],\"optionalArgs\":[\"port\",\"webchannel_port\",\"host\",\"rules\",\"functions_emulator\",\"seed_from_export\"],\"joinArgs\":false}"}}
[info] i  firestore: Firestore Emulator logging to firestore-debug.log {"metadata":{"emulator":{"name":"firestore"},"message":"Firestore Emulator logging to \u001b[1mfirestore-debug.log\u001b[22m"}}
[debug] [2021-03-07T03:17:23.145Z] API endpoint: http:// {"metadata":{"emulator":{"name":"firestore"},"message":"API endpoint: http://"}}
[debug] [2021-03-07T03:17:23.146Z] localhost:8080
If you are using a library that supports the FIRESTORE_EMULATOR_HOST environment variable, run:

   export FIRESTORE_EMULATOR_HOST=localhost:8080

Dev App Server is now running.

 {"metadata":{"emulator":{"name":"firestore"},"message":"localhost:8080\nIf you are using a library that supports the FIRESTORE_EMULATOR_HOST environment variable, run:\r\n\n   export FIRESTORE_EMULATOR_HOST=localhost:8080\n\nDev App Server is now running.\n\r\n"}}
[debug] [2021-03-07T03:17:23.249Z] >>> [apiv2][query] GET https://firebase.googleapis.com/v1beta1/projects/unihack-1614967346330 [none]
[debug] [2021-03-07T03:17:23.727Z] <<< [apiv2][status] GET https://firebase.googleapis.com/v1beta1/projects/unihack-1614967346330 200
[debug] [2021-03-07T03:17:23.727Z] <<< [apiv2][body] GET https://firebase.googleapis.com/v1beta1/projects/unihack-1614967346330 {"projectId":"unihack-1614967346330","projectNumber":"605007124384","displayName":"Unihack","name":"projects/unihack-1614967346330","resources":{"hostingSite":"unihack-1614967346330","realtimeDatabaseInstance":"unihack-1614967346330-default-rtdb","storageBucket":"unihack-1614967346330.appspot.com","locationId":"us-central"},"state":"ACTIVE"}
[debug] [2021-03-07T03:17:23.727Z] database rules config:  [{"instance":"unihack-1614967346330-default-rtdb","rules":"C:\\Users\\Dylan Gonzalez\\source\\repos\\UNIHACK\\database.rules.json"}]
[info] i  database: downloading firebase-database-emulator-v4.7.2.jar... {"metadata":{"emulator":{"name":"database"},"message":"downloading firebase-database-emulator-v4.7.2.jar..."}}
[debug] [2021-03-07T03:17:23.734Z] >>> [apiv2][query] GET https://storage.googleapis.com/firebase-preview-drop/emulator/firebase-database-emulator-v4.7.2.jar [none]
[debug] [2021-03-07T03:17:24.652Z] <<< [apiv2][status] GET https://storage.googleapis.com/firebase-preview-drop/emulator/firebase-database-emulator-v4.7.2.jar 200
[debug] [2021-03-07T03:17:24.652Z] <<< [apiv2][body] GET https://storage.googleapis.com/firebase-preview-drop/emulator/firebase-database-emulator-v4.7.2.jar [stream]
[debug] [2021-03-07T03:17:32.095Z] Ignoring unsupported arg: projectId {"metadata":{"emulator":{"name":"database"},"message":"Ignoring unsupported arg: projectId"}}
[debug] [2021-03-07T03:17:32.097Z] Ignoring unsupported arg: auto_download {"metadata":{"emulator":{"name":"database"},"message":"Ignoring unsupported arg: auto_download"}}
[debug] [2021-03-07T03:17:32.097Z] Ignoring unsupported arg: rules {"metadata":{"emulator":{"name":"database"},"message":"Ignoring unsupported arg: rules"}}
[debug] [2021-03-07T03:17:32.097Z] Starting Database Emulator with command {"binary":"java","args":["-Duser.language=en","-jar","C:\\Users\\Dylan Gonzalez\\.cache\\firebase\\emulators\\firebase-database-emulator-v4.7.2.jar","--host","localhost","--port",9000,"--functions_emulator_host","localhost","--functions_emulator_port",5001],"optionalArgs":["port","host","functions_emulator_port","functions_emulator_host"],"joinArgs":false} {"metadata":{"emulator":{"name":"database"},"message":"Starting Database Emulator with command {\"binary\":\"java\",\"args\":[\"-Duser.language=en\",\"-jar\",\"C:\\\\Users\\\\Dylan Gonzalez\\\\.cache\\\\firebase\\\\emulators\\\\firebase-database-emulator-v4.7.2.jar\",\"--host\",\"localhost\",\"--port\",9000,\"--functions_emulator_host\",\"localhost\",\"--functions_emulator_port\",5001],\"optionalArgs\":[\"port\",\"host\",\"functions_emulator_port\",\"functions_emulator_host\"],\"joinArgs\":false}"}}
[info] i  database: Database Emulator logging to database-debug.log {"metadata":{"emulator":{"name":"database"},"message":"Database Emulator logging to \u001b[1mdatabase-debug.log\u001b[22m"}}
[debug] [2021-03-07T03:17:34.192Z] 14:17:34.189 [NamespaceSystem-akka.actor.default-dispatcher-4] INFO akka.event.slf4j.Slf4jLogger - Slf4jLogger started
 {"metadata":{"emulator":{"name":"database"},"message":"14:17:34.189 [NamespaceSystem-akka.actor.default-dispatcher-4] INFO akka.event.slf4j.Slf4jLogger - Slf4jLogger started\r\n"}}
[debug] [2021-03-07T03:17:34.402Z] 14:17:34.401 [main] INFO com.firebase.server.forge.App$ - Listening at localhost:9000
 {"metadata":{"emulator":{"name":"database"},"message":"14:17:34.401 [main] INFO com.firebase.server.forge.App$ - Listening at localhost:9000\r\n"}}
[debug] [2021-03-07T03:17:34.716Z] >>> [apiv2][query] GET https://firebase.googleapis.com/v1beta1/projects/unihack-1614967346330/webApps/-/config [none]
[debug] [2021-03-07T03:17:35.974Z] <<< [apiv2][status] GET https://firebase.googleapis.com/v1beta1/projects/unihack-1614967346330/webApps/-/config 200
[debug] [2021-03-07T03:17:35.975Z] <<< [apiv2][body] GET https://firebase.googleapis.com/v1beta1/projects/unihack-1614967346330/webApps/-/config {"projectId":"unihack-1614967346330","appId":"1:605007124384:web:48b6c4c1dc793304e336c5","databaseURL":"https://unihack-1614967346330-default-rtdb.firebaseio.com","storageBucket":"unihack-1614967346330.appspot.com","locationId":"us-central","apiKey":"AIzaSyDCpyump31MvSM5B_eM7nm4jNW_zmHdOoM","authDomain":"unihack-1614967346330.firebaseapp.com","messagingSenderId":"605007124384"}
[info] i  hosting: Serving hosting files from: (public) {"metadata":{"emulator":{"name":"hosting"},"message":"Serving hosting files from: \u001b[1m(public)\u001b[22m"}}
[info] +  hosting: Local server: http://localhost:5000 {"metadata":{"emulator":{"name":"hosting"},"message":"Local server: \u001b[4m\u001b[1mhttp://localhost:5000\u001b[22m\u001b[24m"}}
[info] i  ui: downloading ui-v1.4.2.zip... {"metadata":{"emulator":{"name":"ui"},"message":"downloading ui-v1.4.2.zip..."}}
[debug] [2021-03-07T03:17:36.030Z] >>> [apiv2][query] GET https://storage.googleapis.com/firebase-preview-drop/emulator/ui-v1.4.2.zip [none]
[debug] [2021-03-07T03:17:36.372Z] <<< [apiv2][status] GET https://storage.googleapis.com/firebase-preview-drop/emulator/ui-v1.4.2.zip 200
[debug] [2021-03-07T03:17:36.372Z] <<< [apiv2][body] GET https://storage.googleapis.com/firebase-preview-drop/emulator/ui-v1.4.2.zip [stream]
[debug] [2021-03-07T03:17:37.524Z] Ignoring unsupported arg: auto_download {"metadata":{"emulator":{"name":"ui"},"message":"Ignoring unsupported arg: auto_download"}}
[debug] [2021-03-07T03:17:37.524Z] Ignoring unsupported arg: port {"metadata":{"emulator":{"name":"ui"},"message":"Ignoring unsupported arg: port"}}
[debug] [2021-03-07T03:17:37.524Z] Starting Emulator UI with command {"binary":"node","args":["C:\\Users\\Dylan Gonzalez\\.cache\\firebase\\emulators\\ui-v1.4.2\\server.bundle.js"],"optionalArgs":[],"joinArgs":false} {"metadata":{"emulator":{"name":"ui"},"message":"Starting Emulator UI with command {\"binary\":\"node\",\"args\":[\"C:\\\\Users\\\\Dylan Gonzalez\\\\.cache\\\\firebase\\\\emulators\\\\ui-v1.4.2\\\\server.bundle.js\"],\"optionalArgs\":[],\"joinArgs\":false}"}}
[info] i  ui: Emulator UI logging to ui-debug.log {"metadata":{"emulator":{"name":"ui"},"message":"Emulator UI logging to \u001b[1mui-debug.log\u001b[22m"}}
[debug] [2021-03-07T03:17:37.718Z] Web / API server started at http://localhost:4000
 {"metadata":{"emulator":{"name":"ui"},"message":"Web / API server started at http://localhost:4000\n"}}
[info] i  functions: Watching "C:\Users\Dylan Gonzalez\source\repos\UNIHACK\functions" for Cloud Functions... {"metadata":{"emulator":{"name":"functions"},"message":"Watching \"C:\\Users\\Dylan Gonzalez\\source\\repos\\UNIHACK\\functions\" for Cloud Functions..."}}
[debug] [2021-03-07T03:17:37.806Z] [worker-pool] addWorker(~diagnostic~) {"metadata":{"emulator":{"name":"functions"},"message":"[worker-pool] addWorker(~diagnostic~)"}}
[debug] [2021-03-07T03:17:37.806Z] [worker-pool] Adding worker with key ~diagnostic~, total=1 {"metadata":{"emulator":{"name":"functions"},"message":"[worker-pool] Adding worker with key ~diagnostic~, total=1"}}
[debug] [2021-03-07T03:17:37.806Z] [worker-pool] submitWork(triggerId=) {"metadata":{"emulator":{"name":"functions"},"message":"[worker-pool] submitWork(triggerId=)"}}
[debug] [2021-03-07T03:17:37.806Z] [worker-~diagnostic~-550c7ea2-7d6d-463d-a5c9-060de00ac952]: Assigning socketPath: \\?\pipe\C:\Users\Dylan Gonzalez\source\repos\UNIHACK\functions\17436 {"metadata":{"emulator":{"name":"functions"},"message":"[worker-~diagnostic~-550c7ea2-7d6d-463d-a5c9-060de00ac952]: Assigning socketPath: \\\\?\\pipe\\C:\\Users\\Dylan Gonzalez\\source\\repos\\UNIHACK\\functions\\17436"}}
[debug] [2021-03-07T03:17:37.807Z] [worker-~diagnostic~-550c7ea2-7d6d-463d-a5c9-060de00ac952]: BUSY {"metadata":{"emulator":{"name":"functions"},"message":"[worker-~diagnostic~-550c7ea2-7d6d-463d-a5c9-060de00ac952]: BUSY"}}
[debug] [2021-03-07T03:17:38.020Z] [runtime-status] [17436] Functions runtime initialized. {"cwd":"C:\\Users\\Dylan Gonzalez\\source\\repos\\UNIHACK\\functions","node_version":"15.8.0"} {"metadata":{"emulator":{"name":"functions"},"message":"[runtime-status] [17436] Functions runtime initialized. {\"cwd\":\"C:\\\\Users\\\\Dylan Gonzalez\\\\source\\\\repos\\\\UNIHACK\\\\functions\",\"node_version\":\"15.8.0\"}"}}
[debug] [2021-03-07T03:17:38.020Z] [runtime-status] [17436] Disabled runtime features: undefined {"metadata":{"emulator":{"name":"functions"},"message":"[runtime-status] [17436] Disabled runtime features: undefined"}}
[debug] [2021-03-07T03:17:38.024Z] [runtime-status] [17436] Resolved module firebase-admin {"declared":true,"installed":true,"version":"9.5.0","resolution":"C:\\Users\\Dylan Gonzalez\\source\\repos\\UNIHACK\\functions\\node_modules\\firebase-admin\\lib\\index.js"} {"metadata":{"emulator":{"name":"functions"},"message":"[runtime-status] [17436] Resolved module firebase-admin {\"declared\":true,\"installed\":true,\"version\":\"9.5.0\",\"resolution\":\"C:\\\\Users\\\\Dylan Gonzalez\\\\source\\\\repos\\\\UNIHACK\\\\functions\\\\node_modules\\\\firebase-admin\\\\lib\\\\index.js\"}"}}
[debug] [2021-03-07T03:17:38.026Z] [runtime-status] [17436] Resolved module firebase-functions {"declared":true,"installed":true,"version":"3.13.2","resolution":"C:\\Users\\Dylan Gonzalez\\source\\repos\\UNIHACK\\functions\\node_modules\\firebase-functions\\lib\\index.js"} {"metadata":{"emulator":{"name":"functions"},"message":"[runtime-status] [17436] Resolved module firebase-functions {\"declared\":true,\"installed\":true,\"version\":\"3.13.2\",\"resolution\":\"C:\\\\Users\\\\Dylan Gonzalez\\\\source\\\\repos\\\\UNIHACK\\\\functions\\\\node_modules\\\\firebase-functions\\\\lib\\\\index.js\"}"}}
[debug] [2021-03-07T03:17:38.027Z] [runtime-status] [17436] Resolved module firebase-functions {"declared":true,"installed":true,"version":"3.13.2","resolution":"C:\\Users\\Dylan Gonzalez\\source\\repos\\UNIHACK\\functions\\node_modules\\firebase-functions\\lib\\index.js"} {"metadata":{"emulator":{"name":"functions"},"message":"[runtime-status] [17436] Resolved module firebase-functions {\"declared\":true,\"installed\":true,\"version\":\"3.13.2\",\"resolution\":\"C:\\\\Users\\\\Dylan Gonzalez\\\\source\\\\repos\\\\UNIHACK\\\\functions\\\\node_modules\\\\firebase-functions\\\\lib\\\\index.js\"}"}}
[debug] [2021-03-07T03:17:38.029Z] [runtime-status] [17436] Outgoing network have been stubbed. [{"name":"http","status":"mocked"},{"name":"http","status":"mocked"},{"name":"https","status":"mocked"},{"name":"https","status":"mocked"},{"name":"net","status":"mocked"}] {"metadata":{"emulator":{"name":"functions"},"message":"[runtime-status] [17436] Outgoing network have been stubbed. [{\"name\":\"http\",\"status\":\"mocked\"},{\"name\":\"http\",\"status\":\"mocked\"},{\"name\":\"https\",\"status\":\"mocked\"},{\"name\":\"https\",\"status\":\"mocked\"},{\"name\":\"net\",\"status\":\"mocked\"}]"}}
[debug] [2021-03-07T03:17:38.030Z] [runtime-status] [17436] Resolved module firebase-functions {"declared":true,"installed":true,"version":"3.13.2","resolution":"C:\\Users\\Dylan Gonzalez\\source\\repos\\UNIHACK\\functions\\node_modules\\firebase-functions\\lib\\index.js"} {"metadata":{"emulator":{"name":"functions"},"message":"[runtime-status] [17436] Resolved module firebase-functions {\"declared\":true,\"installed\":true,\"version\":\"3.13.2\",\"resolution\":\"C:\\\\Users\\\\Dylan Gonzalez\\\\source\\\\repos\\\\UNIHACK\\\\functions\\\\node_modules\\\\firebase-functions\\\\lib\\\\index.js\"}"}}
[debug] [2021-03-07T03:17:38.171Z] [runtime-status] [17436] Checked functions.config() {"config":{}} {"metadata":{"emulator":{"name":"functions"},"message":"[runtime-status] [17436] Checked functions.config() {\"config\":{}}"}}
[debug] [2021-03-07T03:17:38.172Z] [runtime-status] [17436] firebase-functions has been stubbed. {"functionsResolution":{"declared":true,"installed":true,"version":"3.13.2","resolution":"C:\\Users\\Dylan Gonzalez\\source\\repos\\UNIHACK\\functions\\node_modules\\firebase-functions\\lib\\index.js"}} {"metadata":{"emulator":{"name":"functions"},"message":"[runtime-status] [17436] firebase-functions has been stubbed. {\"functionsResolution\":{\"declared\":true,\"installed\":true,\"version\":\"3.13.2\",\"resolution\":\"C:\\\\Users\\\\Dylan Gonzalez\\\\source\\\\repos\\\\UNIHACK\\\\functions\\\\node_modules\\\\firebase-functions\\\\lib\\\\index.js\"}}"}}
[debug] [2021-03-07T03:17:38.172Z] [runtime-status] [17436] Resolved module firebase-functions {"declared":true,"installed":true,"version":"3.13.2","resolution":"C:\\Users\\Dylan Gonzalez\\source\\repos\\UNIHACK\\functions\\node_modules\\firebase-functions\\lib\\index.js"} {"metadata":{"emulator":{"name":"functions"},"message":"[runtime-status] [17436] Resolved module firebase-functions {\"declared\":true,\"installed\":true,\"version\":\"3.13.2\",\"resolution\":\"C:\\\\Users\\\\Dylan Gonzalez\\\\source\\\\repos\\\\UNIHACK\\\\functions\\\\node_modules\\\\firebase-functions\\\\lib\\\\index.js\"}"}}
[debug] [2021-03-07T03:17:38.173Z] [runtime-status] [17436] Resolved module firebase-admin {"declared":true,"installed":true,"version":"9.5.0","resolution":"C:\\Users\\Dylan Gonzalez\\source\\repos\\UNIHACK\\functions\\node_modules\\firebase-admin\\lib\\index.js"} {"metadata":{"emulator":{"name":"functions"},"message":"[runtime-status] [17436] Resolved module firebase-admin {\"declared\":true,\"installed\":true,\"version\":\"9.5.0\",\"resolution\":\"C:\\\\Users\\\\Dylan Gonzalez\\\\source\\\\repos\\\\UNIHACK\\\\functions\\\\node_modules\\\\firebase-admin\\\\lib\\\\index.js\"}"}}
[debug] [2021-03-07T03:17:38.174Z] [runtime-status] [17436] Resolved module firebase-functions {"declared":true,"installed":true,"version":"3.13.2","resolution":"C:\\Users\\Dylan Gonzalez\\source\\repos\\UNIHACK\\functions\\node_modules\\firebase-functions\\lib\\index.js"} {"metadata":{"emulator":{"name":"functions"},"message":"[runtime-status] [17436] Resolved module firebase-functions {\"declared\":true,\"installed\":true,\"version\":\"3.13.2\",\"resolution\":\"C:\\\\Users\\\\Dylan Gonzalez\\\\source\\\\repos\\\\UNIHACK\\\\functions\\\\node_modules\\\\firebase-functions\\\\lib\\\\index.js\"}"}}
[debug] [2021-03-07T03:17:38.174Z] [runtime-status] [17436] firebase-admin has been stubbed. {"adminResolution":{"declared":true,"installed":true,"version":"9.5.0","resolution":"C:\\Users\\Dylan Gonzalez\\source\\repos\\UNIHACK\\functions\\node_modules\\firebase-admin\\lib\\index.js"}} {"metadata":{"emulator":{"name":"functions"},"message":"[runtime-status] [17436] firebase-admin has been stubbed. {\"adminResolution\":{\"declared\":true,\"installed\":true,\"version\":\"9.5.0\",\"resolution\":\"C:\\\\Users\\\\Dylan Gonzalez\\\\source\\\\repos\\\\UNIHACK\\\\functions\\\\node_modules\\\\firebase-admin\\\\lib\\\\index.js\"}}"}}
[debug] [2021-03-07T03:17:38.180Z] >>> HTTP REQUEST PUT http://localhost:9000/.settings/rules.json?ns=unihack-1614967346330-default-rtdb  
 {
  "rules": {
    ".read": false,
    ".write": false
  }
}

[debug] [2021-03-07T03:17:38.183Z] [worker-~diagnostic~-550c7ea2-7d6d-463d-a5c9-060de00ac952]: IDLE {"metadata":{"emulator":{"name":"functions"},"message":"[worker-~diagnostic~-550c7ea2-7d6d-463d-a5c9-060de00ac952]: IDLE"}}
[debug] [2021-03-07T03:17:38.535Z] <<< HTTP RESPONSE 200 {"content-length":"15","content-type":"application/json; charset=utf-8","access-control-allow-origin":"*","cache-control":"no-cache","x-firebase-project-id":"unihack-1614967346330-default-rtdb","x-firebase-project-number":"123456789","x-firebase-uuid":"bedc0252-21fc-4a6b-9472-ac1f99d21eea"}
[info] 
┌─────────────────────────────────────────────────────────────┐
│ ✔  All emulators ready! It is now safe to connect your app. │
│ i  View Emulator UI at http://localhost:4000                │
└─────────────────────────────────────────────────────────────┘

┌───────────┬────────────────┬─────────────────────────────────┐
│ Emulator  │ Host:Port      │ View in Emulator UI             │
├───────────┼────────────────┼─────────────────────────────────┤
│ Functions │ localhost:5001 │ http://localhost:4000/functions │
├───────────┼────────────────┼─────────────────────────────────┤
│ Firestore │ localhost:8080 │ http://localhost:4000/firestore │
├───────────┼────────────────┼─────────────────────────────────┤
│ Database  │ localhost:9000 │ http://localhost:4000/database  │
├───────────┼────────────────┼─────────────────────────────────┤
│ Hosting   │ localhost:5000 │ n/a                             │
└───────────┴────────────────┴─────────────────────────────────┘
  Emulator Hub running at localhost:4400
  Other reserved ports: 4500

Issues? Report them at https://github.com/firebase/firebase-tools/issues and attach the *-debug.log files.
 
[debug] [2021-03-07T03:18:32.308Z] File C:\Users\Dylan Gonzalez\source\repos\UNIHACK\functions\index.js changed, reloading triggers {"metadata":{"emulator":{"name":"functions"},"message":"File C:\\Users\\Dylan Gonzalez\\source\\repos\\UNIHACK\\functions\\index.js changed, reloading triggers"}}
[debug] [2021-03-07T03:18:33.308Z] [worker-pool] Shutting down IDLE worker (~diagnostic~) {"metadata":{"emulator":{"name":"functions"},"message":"[worker-pool] Shutting down IDLE worker (~diagnostic~)"}}
[debug] [2021-03-07T03:18:33.308Z] [worker-~diagnostic~-550c7ea2-7d6d-463d-a5c9-060de00ac952]: FINISHING {"metadata":{"emulator":{"name":"functions"},"message":"[worker-~diagnostic~-550c7ea2-7d6d-463d-a5c9-060de00ac952]: FINISHING"}}
[debug] [2021-03-07T03:18:33.315Z] [worker-pool] addWorker(~diagnostic~) {"metadata":{"emulator":{"name":"functions"},"message":"[worker-pool] addWorker(~diagnostic~)"}}
[debug] [2021-03-07T03:18:33.315Z] [worker-pool] Adding worker with key ~diagnostic~, total=2 {"metadata":{"emulator":{"name":"functions"},"message":"[worker-pool] Adding worker with key ~diagnostic~, total=2"}}
[debug] [2021-03-07T03:18:33.315Z] [worker-pool] submitWork(triggerId=) {"metadata":{"emulator":{"name":"functions"},"message":"[worker-pool] submitWork(triggerId=)"}}
[debug] [2021-03-07T03:18:33.315Z] [worker-~diagnostic~-4bf57cef-9db4-4af1-95a1-0d64cb02031f]: Assigning socketPath: \\?\pipe\C:\Users\Dylan Gonzalez\source\repos\UNIHACK\functions\11368 {"metadata":{"emulator":{"name":"functions"},"message":"[worker-~diagnostic~-4bf57cef-9db4-4af1-95a1-0d64cb02031f]: Assigning socketPath: \\\\?\\pipe\\C:\\Users\\Dylan Gonzalez\\source\\repos\\UNIHACK\\functions\\11368"}}
[debug] [2021-03-07T03:18:33.315Z] [worker-~diagnostic~-4bf57cef-9db4-4af1-95a1-0d64cb02031f]: BUSY {"metadata":{"emulator":{"name":"functions"},"message":"[worker-~diagnostic~-4bf57cef-9db4-4af1-95a1-0d64cb02031f]: BUSY"}}
[debug] [2021-03-07T03:18:33.316Z] [worker-~diagnostic~-550c7ea2-7d6d-463d-a5c9-060de00ac952]: exited {"metadata":{"emulator":{"name":"functions"},"message":"[worker-~diagnostic~-550c7ea2-7d6d-463d-a5c9-060de00ac952]: exited"}}
[debug] [2021-03-07T03:18:33.316Z] [worker-~diagnostic~-550c7ea2-7d6d-463d-a5c9-060de00ac952]: FINISHED {"metadata":{"emulator":{"name":"functions"},"message":"[worker-~diagnostic~-550c7ea2-7d6d-463d-a5c9-060de00ac952]: FINISHED"}}
[debug] [2021-03-07T03:18:33.499Z] [runtime-status] [11368] Functions runtime initialized. {"cwd":"C:\\Users\\Dylan Gonzalez\\source\\repos\\UNIHACK\\functions","node_version":"15.8.0"} {"metadata":{"emulator":{"name":"functions"},"message":"[runtime-status] [11368] Functions runtime initialized. {\"cwd\":\"C:\\\\Users\\\\Dylan Gonzalez\\\\source\\\\repos\\\\UNIHACK\\\\functions\",\"node_version\":\"15.8.0\"}"}}
[debug] [2021-03-07T03:18:33.500Z] [runtime-status] [11368] Disabled runtime features: undefined {"metadata":{"emulator":{"name":"functions"},"message":"[runtime-status] [11368] Disabled runtime features: undefined"}}
[debug] [2021-03-07T03:18:33.506Z] [runtime-status] [11368] Resolved module firebase-admin {"declared":true,"installed":true,"version":"9.5.0","resolution":"C:\\Users\\Dylan Gonzalez\\source\\repos\\UNIHACK\\functions\\node_modules\\firebase-admin\\lib\\index.js"} {"metadata":{"emulator":{"name":"functions"},"message":"[runtime-status] [11368] Resolved module firebase-admin {\"declared\":true,\"installed\":true,\"version\":\"9.5.0\",\"resolution\":\"C:\\\\Users\\\\Dylan Gonzalez\\\\source\\\\repos\\\\UNIHACK\\\\functions\\\\node_modules\\\\firebase-admin\\\\lib\\\\index.js\"}"}}
[debug] [2021-03-07T03:18:33.507Z] [runtime-status] [11368] Resolved module firebase-functions {"declared":true,"installed":true,"version":"3.13.2","resolution":"C:\\Users\\Dylan Gonzalez\\source\\repos\\UNIHACK\\functions\\node_modules\\firebase-functions\\lib\\index.js"} {"metadata":{"emulator":{"name":"functions"},"message":"[runtime-status] [11368] Resolved module firebase-functions {\"declared\":true,\"installed\":true,\"version\":\"3.13.2\",\"resolution\":\"C:\\\\Users\\\\Dylan Gonzalez\\\\source\\\\repos\\\\UNIHACK\\\\functions\\\\node_modules\\\\firebase-functions\\\\lib\\\\index.js\"}"}}
[debug] [2021-03-07T03:18:33.509Z] [runtime-status] [11368] Resolved module firebase-functions {"declared":true,"installed":true,"version":"3.13.2","resolution":"C:\\Users\\Dylan Gonzalez\\source\\repos\\UNIHACK\\functions\\node_modules\\firebase-functions\\lib\\index.js"} {"metadata":{"emulator":{"name":"functions"},"message":"[runtime-status] [11368] Resolved module firebase-functions {\"declared\":true,\"installed\":true,\"version\":\"3.13.2\",\"resolution\":\"C:\\\\Users\\\\Dylan Gonzalez\\\\source\\\\repos\\\\UNIHACK\\\\functions\\\\node_modules\\\\firebase-functions\\\\lib\\\\index.js\"}"}}
[debug] [2021-03-07T03:18:33.511Z] [runtime-status] [11368] Outgoing network have been stubbed. [{"name":"http","status":"mocked"},{"name":"http","status":"mocked"},{"name":"https","status":"mocked"},{"name":"https","status":"mocked"},{"name":"net","status":"mocked"}] {"metadata":{"emulator":{"name":"functions"},"message":"[runtime-status] [11368] Outgoing network have been stubbed. [{\"name\":\"http\",\"status\":\"mocked\"},{\"name\":\"http\",\"status\":\"mocked\"},{\"name\":\"https\",\"status\":\"mocked\"},{\"name\":\"https\",\"status\":\"mocked\"},{\"name\":\"net\",\"status\":\"mocked\"}]"}}
[debug] [2021-03-07T03:18:33.511Z] [runtime-status] [11368] Resolved module firebase-functions {"declared":true,"installed":true,"version":"3.13.2","resolution":"C:\\Users\\Dylan Gonzalez\\source\\repos\\UNIHACK\\functions\\node_modules\\firebase-functions\\lib\\index.js"} {"metadata":{"emulator":{"name":"functions"},"message":"[runtime-status] [11368] Resolved module firebase-functions {\"declared\":true,\"installed\":true,\"version\":\"3.13.2\",\"resolution\":\"C:\\\\Users\\\\Dylan Gonzalez\\\\source\\\\repos\\\\UNIHACK\\\\functions\\\\node_modules\\\\firebase-functions\\\\lib\\\\index.js\"}"}}
[debug] [2021-03-07T03:18:33.564Z] [runtime-status] [11368] Checked functions.config() {"config":{}} {"metadata":{"emulator":{"name":"functions"},"message":"[runtime-status] [11368] Checked functions.config() {\"config\":{}}"}}
[debug] [2021-03-07T03:18:33.564Z] [runtime-status] [11368] firebase-functions has been stubbed. {"functionsResolution":{"declared":true,"installed":true,"version":"3.13.2","resolution":"C:\\Users\\Dylan Gonzalez\\source\\repos\\UNIHACK\\functions\\node_modules\\firebase-functions\\lib\\index.js"}} {"metadata":{"emulator":{"name":"functions"},"message":"[runtime-status] [11368] firebase-functions has been stubbed. {\"functionsResolution\":{\"declared\":true,\"installed\":true,\"version\":\"3.13.2\",\"resolution\":\"C:\\\\Users\\\\Dylan Gonzalez\\\\source\\\\repos\\\\UNIHACK\\\\functions\\\\node_modules\\\\firebase-functions\\\\lib\\\\index.js\"}}"}}
[debug] [2021-03-07T03:18:33.565Z] [runtime-status] [11368] Resolved module firebase-functions {"declared":true,"installed":true,"version":"3.13.2","resolution":"C:\\Users\\Dylan Gonzalez\\source\\repos\\UNIHACK\\functions\\node_modules\\firebase-functions\\lib\\index.js"} {"metadata":{"emulator":{"name":"functions"},"message":"[runtime-status] [11368] Resolved module firebase-functions {\"declared\":true,\"installed\":true,\"version\":\"3.13.2\",\"resolution\":\"C:\\\\Users\\\\Dylan Gonzalez\\\\source\\\\repos\\\\UNIHACK\\\\functions\\\\node_modules\\\\firebase-functions\\\\lib\\\\index.js\"}"}}
[debug] [2021-03-07T03:18:33.566Z] [runtime-status] [11368] Resolved module firebase-admin {"declared":true,"installed":true,"version":"9.5.0","resolution":"C:\\Users\\Dylan Gonzalez\\source\\repos\\UNIHACK\\functions\\node_modules\\firebase-admin\\lib\\index.js"} {"metadata":{"emulator":{"name":"functions"},"message":"[runtime-status] [11368] Resolved module firebase-admin {\"declared\":true,\"installed\":true,\"version\":\"9.5.0\",\"resolution\":\"C:\\\\Users\\\\Dylan Gonzalez\\\\source\\\\repos\\\\UNIHACK\\\\functions\\\\node_modules\\\\firebase-admin\\\\lib\\\\index.js\"}"}}
[debug] [2021-03-07T03:18:33.566Z] [runtime-status] [11368] Resolved module firebase-functions {"declared":true,"installed":true,"version":"3.13.2","resolution":"C:\\Users\\Dylan Gonzalez\\source\\repos\\UNIHACK\\functions\\node_modules\\firebase-functions\\lib\\index.js"} {"metadata":{"emulator":{"name":"functions"},"message":"[runtime-status] [11368] Resolved module firebase-functions {\"declared\":true,\"installed\":true,\"version\":\"3.13.2\",\"resolution\":\"C:\\\\Users\\\\Dylan Gonzalez\\\\source\\\\repos\\\\UNIHACK\\\\functions\\\\node_modules\\\\firebase-functions\\\\lib\\\\index.js\"}"}}
[debug] [2021-03-07T03:18:33.566Z] [runtime-status] [11368] firebase-admin has been stubbed. {"adminResolution":{"declared":true,"installed":true,"version":"9.5.0","resolution":"C:\\Users\\Dylan Gonzalez\\source\\repos\\UNIHACK\\functions\\node_modules\\firebase-admin\\lib\\index.js"}} {"metadata":{"emulator":{"name":"functions"},"message":"[runtime-status] [11368] firebase-admin has been stubbed. {\"adminResolution\":{\"declared\":true,\"installed\":true,\"version\":\"9.5.0\",\"resolution\":\"C:\\\\Users\\\\Dylan Gonzalez\\\\source\\\\repos\\\\UNIHACK\\\\functions\\\\node_modules\\\\firebase-admin\\\\lib\\\\index.js\"}}"}}
[debug] [2021-03-07T03:18:33.573Z] [runtime-status] [11368] initializeApp(DEFAULT) {"storageBucket":"unihack-1614967346330.appspot.com","databaseURL":"http://localhost:9000/?ns=unihack-1614967346330-default-rtdb","projectId":"unihack-1614967346330"} {"metadata":{"emulator":{"name":"functions"},"message":"[runtime-status] [11368] initializeApp(DEFAULT) {\"storageBucket\":\"unihack-1614967346330.appspot.com\",\"databaseURL\":\"http://localhost:9000/?ns=unihack-1614967346330-default-rtdb\",\"projectId\":\"unihack-1614967346330\"}"}}
[debug] [2021-03-07T03:18:33.574Z] [worker-~diagnostic~-4bf57cef-9db4-4af1-95a1-0d64cb02031f]: IDLE {"metadata":{"emulator":{"name":"functions"},"message":"[worker-~diagnostic~-4bf57cef-9db4-4af1-95a1-0d64cb02031f]: IDLE"}}
[debug] [2021-03-07T03:20:16.917Z] Mar 07, 2021 2:20:16 PM io.gapi.emulators.netty.HttpVersionRoutingHandler channelRead
INFO: Detected non-HTTP/2 connection.
 {"metadata":{"emulator":{"name":"firestore"},"message":"Mar 07, 2021 2:20:16 PM io.gapi.emulators.netty.HttpVersionRoutingHandler channelRead\r\nINFO: Detected non-HTTP/2 connection.\r\n"}}
[debug] [2021-03-07T03:20:17.017Z] Mar 07, 2021 2:20:17 PM io.gapi.emulators.netty.HttpVersionRoutingHandler channelRead
INFO: Detected HTTP/2 connection.
 {"metadata":{"emulator":{"name":"firestore"},"message":"Mar 07, 2021 2:20:17 PM io.gapi.emulators.netty.HttpVersionRoutingHandler channelRead\r\nINFO: Detected HTTP/2 connection.\r\n"}}
[debug] [2021-03-07T03:22:45.592Z] File C:\Users\Dylan Gonzalez\source\repos\UNIHACK\functions\index.js changed, reloading triggers {"metadata":{"emulator":{"name":"functions"},"message":"File C:\\Users\\Dylan Gonzalez\\source\\repos\\UNIHACK\\functions\\index.js changed, reloading triggers"}}
[debug] [2021-03-07T03:22:46.605Z] [worker-pool] Shutting down IDLE worker (~diagnostic~) {"metadata":{"emulator":{"name":"functions"},"message":"[worker-pool] Shutting down IDLE worker (~diagnostic~)"}}
[debug] [2021-03-07T03:22:46.605Z] [worker-~diagnostic~-4bf57cef-9db4-4af1-95a1-0d64cb02031f]: FINISHING {"metadata":{"emulator":{"name":"functions"},"message":"[worker-~diagnostic~-4bf57cef-9db4-4af1-95a1-0d64cb02031f]: FINISHING"}}
[debug] [2021-03-07T03:22:46.605Z] [worker-pool] Cleaned up workers for ~diagnostic~: 2 --> 1 {"metadata":{"emulator":{"name":"functions"},"message":"[worker-pool] Cleaned up workers for ~diagnostic~: 2 --> 1"}}
[debug] [2021-03-07T03:22:46.612Z] [worker-pool] addWorker(~diagnostic~) {"metadata":{"emulator":{"name":"functions"},"message":"[worker-pool] addWorker(~diagnostic~)"}}
[debug] [2021-03-07T03:22:46.612Z] [worker-pool] Adding worker with key ~diagnostic~, total=2 {"metadata":{"emulator":{"name":"functions"},"message":"[worker-pool] Adding worker with key ~diagnostic~, total=2"}}
[debug] [2021-03-07T03:22:46.612Z] [worker-pool] submitWork(triggerId=) {"metadata":{"emulator":{"name":"functions"},"message":"[worker-pool] submitWork(triggerId=)"}}
[debug] [2021-03-07T03:22:46.613Z] [worker-~diagnostic~-64c4bbc4-9c0a-41eb-bc03-bd9d4a414a1c]: Assigning socketPath: \\?\pipe\C:\Users\Dylan Gonzalez\source\repos\UNIHACK\functions\13716 {"metadata":{"emulator":{"name":"functions"},"message":"[worker-~diagnostic~-64c4bbc4-9c0a-41eb-bc03-bd9d4a414a1c]: Assigning socketPath: \\\\?\\pipe\\C:\\Users\\Dylan Gonzalez\\source\\repos\\UNIHACK\\functions\\13716"}}
[debug] [2021-03-07T03:22:46.613Z] [worker-~diagnostic~-64c4bbc4-9c0a-41eb-bc03-bd9d4a414a1c]: BUSY {"metadata":{"emulator":{"name":"functions"},"message":"[worker-~diagnostic~-64c4bbc4-9c0a-41eb-bc03-bd9d4a414a1c]: BUSY"}}
[debug] [2021-03-07T03:22:46.613Z] [worker-~diagnostic~-4bf57cef-9db4-4af1-95a1-0d64cb02031f]: exited {"metadata":{"emulator":{"name":"functions"},"message":"[worker-~diagnostic~-4bf57cef-9db4-4af1-95a1-0d64cb02031f]: exited"}}
[debug] [2021-03-07T03:22:46.613Z] [worker-~diagnostic~-4bf57cef-9db4-4af1-95a1-0d64cb02031f]: FINISHED {"metadata":{"emulator":{"name":"functions"},"message":"[worker-~diagnostic~-4bf57cef-9db4-4af1-95a1-0d64cb02031f]: FINISHED"}}
[debug] [2021-03-07T03:22:46.896Z] [runtime-status] [13716] Functions runtime initialized. {"cwd":"C:\\Users\\Dylan Gonzalez\\source\\repos\\UNIHACK\\functions","node_version":"15.8.0"} {"metadata":{"emulator":{"name":"functions"},"message":"[runtime-status] [13716] Functions runtime initialized. {\"cwd\":\"C:\\\\Users\\\\Dylan Gonzalez\\\\source\\\\repos\\\\UNIHACK\\\\functions\",\"node_version\":\"15.8.0\"}"}}
[debug] [2021-03-07T03:22:46.897Z] [runtime-status] [13716] Disabled runtime features: undefined {"metadata":{"emulator":{"name":"functions"},"message":"[runtime-status] [13716] Disabled runtime features: undefined"}}
[debug] [2021-03-07T03:22:46.903Z] [runtime-status] [13716] Resolved module firebase-admin {"declared":true,"installed":true,"version":"9.5.0","resolution":"C:\\Users\\Dylan Gonzalez\\source\\repos\\UNIHACK\\functions\\node_modules\\firebase-admin\\lib\\index.js"} {"metadata":{"emulator":{"name":"functions"},"message":"[runtime-status] [13716] Resolved module firebase-admin {\"declared\":true,\"installed\":true,\"version\":\"9.5.0\",\"resolution\":\"C:\\\\Users\\\\Dylan Gonzalez\\\\source\\\\repos\\\\UNIHACK\\\\functions\\\\node_modules\\\\firebase-admin\\\\lib\\\\index.js\"}"}}
[debug] [2021-03-07T03:22:46.905Z] [runtime-status] [13716] Resolved module firebase-functions {"declared":true,"installed":true,"version":"3.13.2","resolution":"C:\\Users\\Dylan Gonzalez\\source\\repos\\UNIHACK\\functions\\node_modules\\firebase-functions\\lib\\index.js"} {"metadata":{"emulator":{"name":"functions"},"message":"[runtime-status] [13716] Resolved module firebase-functions {\"declared\":true,\"installed\":true,\"version\":\"3.13.2\",\"resolution\":\"C:\\\\Users\\\\Dylan Gonzalez\\\\source\\\\repos\\\\UNIHACK\\\\functions\\\\node_modules\\\\firebase-functions\\\\lib\\\\index.js\"}"}}
[debug] [2021-03-07T03:22:46.908Z] [runtime-status] [13716] Resolved module firebase-functions {"declared":true,"installed":true,"version":"3.13.2","resolution":"C:\\Users\\Dylan Gonzalez\\source\\repos\\UNIHACK\\functions\\node_modules\\firebase-functions\\lib\\index.js"} {"metadata":{"emulator":{"name":"functions"},"message":"[runtime-status] [13716] Resolved module firebase-functions {\"declared\":true,\"installed\":true,\"version\":\"3.13.2\",\"resolution\":\"C:\\\\Users\\\\Dylan Gonzalez\\\\source\\\\repos\\\\UNIHACK\\\\functions\\\\node_modules\\\\firebase-functions\\\\lib\\\\index.js\"}"}}
[debug] [2021-03-07T03:22:46.910Z] [runtime-status] [13716] Outgoing network have been stubbed. [{"name":"http","status":"mocked"},{"name":"http","status":"mocked"},{"name":"https","status":"mocked"},{"name":"https","status":"mocked"},{"name":"net","status":"mocked"}] {"metadata":{"emulator":{"name":"functions"},"message":"[runtime-status] [13716] Outgoing network have been stubbed. [{\"name\":\"http\",\"status\":\"mocked\"},{\"name\":\"http\",\"status\":\"mocked\"},{\"name\":\"https\",\"status\":\"mocked\"},{\"name\":\"https\",\"status\":\"mocked\"},{\"name\":\"net\",\"status\":\"mocked\"}]"}}
[debug] [2021-03-07T03:22:46.911Z] [runtime-status] [13716] Resolved module firebase-functions {"declared":true,"installed":true,"version":"3.13.2","resolution":"C:\\Users\\Dylan Gonzalez\\source\\repos\\UNIHACK\\functions\\node_modules\\firebase-functions\\lib\\index.js"} {"metadata":{"emulator":{"name":"functions"},"message":"[runtime-status] [13716] Resolved module firebase-functions {\"declared\":true,\"installed\":true,\"version\":\"3.13.2\",\"resolution\":\"C:\\\\Users\\\\Dylan Gonzalez\\\\source\\\\repos\\\\UNIHACK\\\\functions\\\\node_modules\\\\firebase-functions\\\\lib\\\\index.js\"}"}}
[debug] [2021-03-07T03:22:46.974Z] [runtime-status] [13716] Checked functions.config() {"config":{}} {"metadata":{"emulator":{"name":"functions"},"message":"[runtime-status] [13716] Checked functions.config() {\"config\":{}}"}}
[debug] [2021-03-07T03:22:46.974Z] [runtime-status] [13716] firebase-functions has been stubbed. {"functionsResolution":{"declared":true,"installed":true,"version":"3.13.2","resolution":"C:\\Users\\Dylan Gonzalez\\source\\repos\\UNIHACK\\functions\\node_modules\\firebase-functions\\lib\\index.js"}} {"metadata":{"emulator":{"name":"functions"},"message":"[runtime-status] [13716] firebase-functions has been stubbed. {\"functionsResolution\":{\"declared\":true,\"installed\":true,\"version\":\"3.13.2\",\"resolution\":\"C:\\\\Users\\\\Dylan Gonzalez\\\\source\\\\repos\\\\UNIHACK\\\\functions\\\\node_modules\\\\firebase-functions\\\\lib\\\\index.js\"}}"}}
[debug] [2021-03-07T03:22:46.975Z] [runtime-status] [13716] Resolved module firebase-functions {"declared":true,"installed":true,"version":"3.13.2","resolution":"C:\\Users\\Dylan Gonzalez\\source\\repos\\UNIHACK\\functions\\node_modules\\firebase-functions\\lib\\index.js"} {"metadata":{"emulator":{"name":"functions"},"message":"[runtime-status] [13716] Resolved module firebase-functions {\"declared\":true,\"installed\":true,\"version\":\"3.13.2\",\"resolution\":\"C:\\\\Users\\\\Dylan Gonzalez\\\\source\\\\repos\\\\UNIHACK\\\\functions\\\\node_modules\\\\firebase-functions\\\\lib\\\\index.js\"}"}}
[debug] [2021-03-07T03:22:46.976Z] [runtime-status] [13716] Resolved module firebase-admin {"declared":true,"installed":true,"version":"9.5.0","resolution":"C:\\Users\\Dylan Gonzalez\\source\\repos\\UNIHACK\\functions\\node_modules\\firebase-admin\\lib\\index.js"} {"metadata":{"emulator":{"name":"functions"},"message":"[runtime-status] [13716] Resolved module firebase-admin {\"declared\":true,\"installed\":true,\"version\":\"9.5.0\",\"resolution\":\"C:\\\\Users\\\\Dylan Gonzalez\\\\source\\\\repos\\\\UNIHACK\\\\functions\\\\node_modules\\\\firebase-admin\\\\lib\\\\index.js\"}"}}
[debug] [2021-03-07T03:22:46.977Z] [runtime-status] [13716] Resolved module firebase-functions {"declared":true,"installed":true,"version":"3.13.2","resolution":"C:\\Users\\Dylan Gonzalez\\source\\repos\\UNIHACK\\functions\\node_modules\\firebase-functions\\lib\\index.js"} {"metadata":{"emulator":{"name":"functions"},"message":"[runtime-status] [13716] Resolved module firebase-functions {\"declared\":true,\"installed\":true,\"version\":\"3.13.2\",\"resolution\":\"C:\\\\Users\\\\Dylan Gonzalez\\\\source\\\\repos\\\\UNIHACK\\\\functions\\\\node_modules\\\\firebase-functions\\\\lib\\\\index.js\"}"}}
[debug] [2021-03-07T03:22:46.977Z] [runtime-status] [13716] firebase-admin has been stubbed. {"adminResolution":{"declared":true,"installed":true,"version":"9.5.0","resolution":"C:\\Users\\Dylan Gonzalez\\source\\repos\\UNIHACK\\functions\\node_modules\\firebase-admin\\lib\\index.js"}} {"metadata":{"emulator":{"name":"functions"},"message":"[runtime-status] [13716] firebase-admin has been stubbed. {\"adminResolution\":{\"declared\":true,\"installed\":true,\"version\":\"9.5.0\",\"resolution\":\"C:\\\\Users\\\\Dylan Gonzalez\\\\source\\\\repos\\\\UNIHACK\\\\functions\\\\node_modules\\\\firebase-admin\\\\lib\\\\index.js\"}}"}}
[debug] [2021-03-07T03:22:46.983Z] [runtime-status] [13716] initializeApp(DEFAULT) {"storageBucket":"unihack-1614967346330.appspot.com","databaseURL":"http://localhost:9000/?ns=unihack-1614967346330-default-rtdb","projectId":"unihack-1614967346330"} {"metadata":{"emulator":{"name":"functions"},"message":"[runtime-status] [13716] initializeApp(DEFAULT) {\"storageBucket\":\"unihack-1614967346330.appspot.com\",\"databaseURL\":\"http://localhost:9000/?ns=unihack-1614967346330-default-rtdb\",\"projectId\":\"unihack-1614967346330\"}"}}
[info] +  functions[addMessage]: http function initialized (http://localhost:5001/unihack-1614967346330/us-central1/addMessage). {"metadata":{"emulator":{"name":"functions"},"message":"\u001b[1mhttp\u001b[22m function initialized (http://localhost:5001/unihack-1614967346330/us-central1/addMessage)."}}
[debug] [2021-03-07T03:22:46.988Z] addFirestoreTrigger "{\"eventTrigger\":{\"resource\":\"projects/unihack-1614967346330/databases/(default)/documents/messages/{documentId}\",\"eventType\":\"providers/cloud.firestore/eventTypes/document.create\",\"service\":\"firestore.googleapis.com\"}}"
[debug] [2021-03-07T03:22:46.988Z] >>> HTTP REQUEST PUT http://localhost:8080/emulator/v1/projects/unihack-1614967346330/triggers/makeUppercase-0  
 {"eventTrigger":{"resource":"projects/unihack-1614967346330/databases/(default)/documents/messages/{documentId}","eventType":"providers/cloud.firestore/eventTypes/document.create","service":"firestore.googleapis.com"}}
[debug] [2021-03-07T03:22:46.990Z] [worker-~diagnostic~-64c4bbc4-9c0a-41eb-bc03-bd9d4a414a1c]: IDLE {"metadata":{"emulator":{"name":"functions"},"message":"[worker-~diagnostic~-64c4bbc4-9c0a-41eb-bc03-bd9d4a414a1c]: IDLE"}}
[debug] [2021-03-07T03:22:46.993Z] Mar 07, 2021 2:22:46 PM io.gapi.emulators.netty.HttpVersionRoutingHandler channelRead
INFO: Detected non-HTTP/2 connection.
 {"metadata":{"emulator":{"name":"firestore"},"message":"Mar 07, 2021 2:22:46 PM io.gapi.emulators.netty.HttpVersionRoutingHandler channelRead\r\nINFO: Detected non-HTTP/2 connection.\r\n"}}
[debug] [2021-03-07T03:22:47.022Z] <<< HTTP RESPONSE 200 {"content-type":"application/json","content-length":"4"}
[info] +  functions[makeUppercase]: firestore function initialized. {"metadata":{"emulator":{"name":"functions"},"message":"\u001b[1mfirestore\u001b[22m function initialized."}}
